Added Component: Designator=C1(RB.4/.8)
Added Component: Designator=C1(RB.5/1.0)
Added Component: Designator=C2(RB.5/1.0)
Added Component: Designator=C4(RB.4/.8)
Added Component: Designator=C4(RB.5/1.0)
Added Component: Designator=C5(RB.5/1.0)
Added Pin To Net: NetName=NetC1_1 Pin=C1-1
Added Pin To Net: NetName=NetC1_1 Pin=C1-1
Added Pin To Net: NetName=GND Pin=C1-2
Added Pin To Net: NetName=GND Pin=C1-2
Added Pin To Net: NetName=NetC1_1 Pin=C2-1
Added Pin To Net: NetName=GND Pin=C2-2
Added Pin To Net: NetName=GND Pin=C4-1
Added Pin To Net: NetName=GND Pin=C4-1
Added Pin To Net: NetName=NetC4_2 Pin=C4-2
Added Pin To Net: NetName=NetC4_2 Pin=C4-2
Added Pin To Net: NetName=GND Pin=C5-1
Added Pin To Net: NetName=NetC4_2 Pin=C5-2
Added Member To Class: ClassName=True Variant Member=Component C1 1000uF
Added Member To Class: ClassName=True Variant Member=Component C2 2000uF
Added Member To Class: ClassName=True Variant Member=Component C4 1000uF
Added Member To Class: ClassName=True Variant Member=Component C5 2000uF
